2022-09-11 11:01:29,043 INFO client.py Запущен клиент с парамертами: адрес сервера: 127.0.0.1 , порт: 7000, имя пользователя: user1
2022-09-11 11:01:29,044 DEBUG client.py Сформировано presence сообщение для пользователя user1
2022-09-11 11:01:29,546 DEBUG client.py Разбор приветственного сообщения от сервера: {'response': 200}
2022-09-11 11:01:29,546 INFO client.py Установлено соединение с сервером. Ответ сервера: 200 : OK
2022-09-11 11:01:29,548 DEBUG client.py Запущены процессы
2022-09-11 11:01:59,527 INFO client.py Запущен клиент с парамертами: адрес сервера: 127.0.0.1 , порт: 7000, имя пользователя: user2
2022-09-11 11:01:59,528 DEBUG client.py Сформировано presence сообщение для пользователя user2
2022-09-11 11:02:00,030 DEBUG client.py Разбор приветственного сообщения от сервера: {'response': 200}
2022-09-11 11:02:00,031 INFO client.py Установлено соединение с сервером. Ответ сервера: 200 : OK
2022-09-11 11:02:00,032 DEBUG client.py Запущены процессы
2022-09-11 11:02:23,239 DEBUG client.py Сформирован словарь сообщения: {'action': 'message', 'from': 'user2', 'to': 'test1', 'time': 1662883343.2391105, 'mess_text': 'dffs'}
2022-09-11 11:02:23,240 INFO client.py Отправлено сообщение для пользователя test1
2022-09-11 11:02:41,471 DEBUG client.py Сформирован словарь сообщения: {'action': 'message', 'from': 'user2', 'to': 'user1', 'time': 1662883361.4715822, 'mess_text': 'test'}
2022-09-11 11:02:41,472 INFO client.py Отправлено сообщение для пользователя user1
2022-09-11 11:02:41,582 INFO client.py Получено сообщение от пользователя user2:
test
2022-09-11 11:03:03,604 CRITICAL client.py Потеряно соединение с сервером.
2022-09-11 11:03:03,604 CRITICAL client.py Потеряно соединение с сервером.
2022-09-11 11:07:53,488 INFO client.py Запущен клиент с парамертами: адрес сервера: 127.0.0.1 , порт: 7000, имя пользователя: user2
2022-09-11 11:07:53,489 DEBUG client.py Сформировано presence сообщение для пользователя user2
2022-09-11 11:07:53,991 DEBUG client.py Разбор приветственного сообщения от сервера: {'response': 200}
2022-09-11 11:07:53,992 INFO client.py Установлено соединение с сервером. Ответ сервера: 200 : OK
2022-09-11 11:07:53,993 DEBUG client.py Запущены процессы
2022-09-11 11:07:56,632 INFO client.py Запущен клиент с парамертами: адрес сервера: 127.0.0.1 , порт: 7000, имя пользователя: user1
2022-09-11 11:07:56,633 DEBUG client.py Сформировано presence сообщение для пользователя user1
2022-09-11 11:07:57,135 DEBUG client.py Разбор приветственного сообщения от сервера: {'response': 200}
2022-09-11 11:07:57,135 INFO client.py Установлено соединение с сервером. Ответ сервера: 200 : OK
2022-09-11 11:07:57,137 DEBUG client.py Запущены процессы
2022-09-11 11:08:23,959 DEBUG client.py Сформирован словарь сообщения: {'action': 'message', 'from': 'user1', 'to': 'user2', 'time': 1662883703.9597812, 'mess_text': 'test to user 2'}
2022-09-11 11:08:23,960 INFO client.py Отправлено сообщение для пользователя user2
2022-09-11 11:08:24,170 INFO client.py Получено сообщение от пользователя user1:
test to user 2
2022-09-11 11:09:06,239 DEBUG client.py Сформирован словарь сообщения: {'action': 'message', 'from': 'user2', 'to': 'user1', 'time': 1662883746.2391798, 'mess_text': 'test to user 1'}
2022-09-11 11:09:06,240 INFO client.py Отправлено сообщение для пользователя user1
2022-09-11 11:09:06,722 INFO client.py Получено сообщение от пользователя user2:
test to user 1
2022-09-11 11:10:08,510 DEBUG client.py Сформирован словарь сообщения: {'action': 'message', 'from': 'user2', 'to': 'user1', 'time': 1662883808.5106225, 'mess_text': 'test'}
2022-09-11 11:10:08,511 INFO client.py Отправлено сообщение для пользователя user1
2022-09-11 11:10:08,798 INFO client.py Получено сообщение от пользователя user2:
test
2022-09-11 11:10:35,742 DEBUG client.py Сформирован словарь сообщения: {'action': 'message', 'from': 'user2', 'to': 'user2', 'time': 1662883835.7425141, 'mess_text': 'test2'}
2022-09-11 11:10:35,743 INFO client.py Отправлено сообщение для пользователя user2
2022-09-11 11:10:35,833 INFO client.py Получено сообщение от пользователя user2:
test2
2022-09-11 11:10:43,846 CRITICAL client.py Потеряно соединение с сервером.
2022-09-11 11:16:38,252 INFO client.py Запущен клиент с парамертами: адрес сервера: 127.0.0.1 , порт: 7000, имя пользователя: x
2022-09-11 11:16:38,253 DEBUG client.py Сформировано presence сообщение для пользователя x
2022-09-11 11:16:38,755 DEBUG client.py Разбор приветственного сообщения от сервера: {'response': 200}
2022-09-11 11:16:38,755 INFO client.py Установлено соединение с сервером. Ответ сервера: 200 : OK
2022-09-11 11:16:38,757 DEBUG client.py Запущены процессы
2022-09-11 11:28:16,966 INFO client.py Запущен клиент с парамертами: адрес сервера: 127.0.0.1 , порт: 7000, имя пользователя: user1
2022-09-11 11:28:16,967 DEBUG client.py Сформировано presence сообщение для пользователя user1
2022-09-11 11:28:17,130 INFO client.py Запущен клиент с парамертами: адрес сервера: 127.0.0.1 , порт: 7000, имя пользователя: user2
2022-09-11 11:28:17,130 DEBUG client.py Сформировано presence сообщение для пользователя user2
2022-09-11 11:28:17,131 DEBUG client.py Разбор приветственного сообщения от сервера: {'response': 200}
2022-09-11 11:28:17,131 INFO client.py Установлено соединение с сервером. Ответ сервера: 200 : OK
2022-09-11 11:28:17,131 DEBUG client.py Запущены процессы
2022-09-11 11:28:17,633 DEBUG client.py Разбор приветственного сообщения от сервера: {'response': 200}
2022-09-11 11:28:17,633 INFO client.py Установлено соединение с сервером. Ответ сервера: 200 : OK
2022-09-11 11:28:17,635 DEBUG client.py Запущены процессы
2022-09-11 11:29:00,212 INFO client.py Запущен клиент с парамертами: адрес сервера: 127.0.0.1 , порт: 7000, имя пользователя: user1
2022-09-11 11:29:00,212 DEBUG client.py Сформировано presence сообщение для пользователя user1
2022-09-11 11:29:00,369 INFO client.py Запущен клиент с парамертами: адрес сервера: 127.0.0.1 , порт: 7000, имя пользователя: user2
2022-09-11 11:29:00,369 DEBUG client.py Сформировано presence сообщение для пользователя user2
2022-09-11 11:29:00,370 DEBUG client.py Разбор приветственного сообщения от сервера: {'response': 200}
2022-09-11 11:29:00,370 INFO client.py Установлено соединение с сервером. Ответ сервера: 200 : OK
2022-09-11 11:29:00,370 DEBUG client.py Запущены процессы
2022-09-11 11:29:00,872 DEBUG client.py Разбор приветственного сообщения от сервера: {'response': 200}
2022-09-11 11:29:00,872 INFO client.py Установлено соединение с сервером. Ответ сервера: 200 : OK
2022-09-11 11:29:00,872 DEBUG client.py Запущены процессы
2022-09-11 11:29:21,993 DEBUG client.py Сформирован словарь сообщения: {'action': 'message', 'from': 'user2', 'to': 'user1', 'time': 1662884961.9937134, 'mess_text': 'test'}
2022-09-11 11:29:21,994 INFO client.py Отправлено сообщение для пользователя user1
2022-09-11 11:29:22,399 INFO client.py Получено сообщение от пользователя user2:
test
2022-09-11 11:34:36,407 INFO client.py Запущен клиент с парамертами: адрес сервера: 127.0.0.1 , порт: 7000, имя пользователя: user1
2022-09-11 11:34:36,407 DEBUG client.py Сформировано presence сообщение для пользователя user1
2022-09-11 11:34:36,601 INFO client.py Запущен клиент с парамертами: адрес сервера: 127.0.0.1 , порт: 7000, имя пользователя: user2
2022-09-11 11:34:36,601 DEBUG client.py Сформировано presence сообщение для пользователя user2
2022-09-11 11:34:36,602 DEBUG client.py Разбор приветственного сообщения от сервера: {'response': 200}
2022-09-11 11:34:36,602 INFO client.py Установлено соединение с сервером. Ответ сервера: 200 : OK
2022-09-11 11:34:36,602 DEBUG client.py Запущены процессы
2022-09-11 11:34:37,104 DEBUG client.py Разбор приветственного сообщения от сервера: {'response': 200}
2022-09-11 11:34:37,104 INFO client.py Установлено соединение с сервером. Ответ сервера: 200 : OK
2022-09-11 11:34:37,106 DEBUG client.py Запущены процессы
2022-09-11 12:24:38,954 INFO client.py Запущен клиент с парамертами: адрес сервера: 127.0.0.1 , порт: 7000, имя пользователя: user1
2022-09-11 12:24:38,955 INFO client.py Запущен клиент с парамертами: адрес сервера: 127.0.0.1 , порт: 7000, имя пользователя: user2
2022-09-11 12:24:38,961 DEBUG client.py Сформировано presence сообщение для пользователя user1
2022-09-11 12:24:38,961 DEBUG client.py Сформировано presence сообщение для пользователя user2
2022-09-11 12:24:39,464 DEBUG client.py Разбор приветственного сообщения от сервера: {'response': 200}
2022-09-11 12:24:39,464 INFO client.py Установлено соединение с сервером. Ответ сервера: 200 : OK
2022-09-11 12:24:39,465 DEBUG client.py Разбор приветственного сообщения от сервера: {'response': 200}
2022-09-11 12:24:39,465 INFO client.py Установлено соединение с сервером. Ответ сервера: 200 : OK
2022-09-11 12:24:39,466 DEBUG client.py Запущены процессы
2022-09-11 12:24:39,467 DEBUG client.py Запущены процессы
2022-09-11 12:25:01,335 DEBUG client.py Сформирован словарь сообщения: {'action': 'message', 'from': 'user2', 'to': 'user2', 'time': 1662888301.335761, 'mess_text': 'test'}
2022-09-11 12:25:01,336 INFO client.py Отправлено сообщение для пользователя user2
2022-09-11 12:25:01,493 INFO client.py Получено сообщение от пользователя user2:
test
2022-09-11 14:04:58,329 CRITICAL client.py Потеряно соединение с сервером.
